[debug] [2021-08-14T15:09:56.113Z] ----------------------------------------------------------------------
[debug] [2021-08-14T15:09:56.115Z] Command:       C:\Program Files\nodejs\node.exe C:\Users\Subhadeep Das\AppData\Roaming\npm\node_modules\firebase-tools\lib\bin\firebase.js init
[debug] [2021-08-14T15:09:56.115Z] CLI Version:   9.16.5
[debug] [2021-08-14T15:09:56.115Z] Platform:      win32
[debug] [2021-08-14T15:09:56.115Z] Node Version:  v14.16.1
[debug] [2021-08-14T15:09:56.116Z] Time:          Sat Aug 14 2021 20:39:56 GMT+0530 (India Standard Time)
[debug] [2021-08-14T15:09:56.116Z] ----------------------------------------------------------------------
[debug] 
[debug] [2021-08-14T15:09:56.121Z] > command requires scopes: ["email","openid","https://www.googleapis.com/auth/cloudplatformprojects.readonly","https://www.googleapis.com/auth/firebase","https://www.googleapis.com/auth/cloud-platform"]
[debug] [2021-08-14T15:09:56.121Z] > authorizing via signed-in user (subhadeepdasasd@gmail.com)
[info] 
     ######## #### ########  ######## ########     ###     ######  ########
     ##        ##  ##     ## ##       ##     ##  ##   ##  ##       ##
     ######    ##  ########  ######   ########  #########  ######  ######
     ##        ##  ##    ##  ##       ##     ## ##     ##       ## ##
     ##       #### ##     ## ######## ########  ##     ##  ######  ########

You're about to initialize a Firebase project in this directory:

  D:\Github projects\spotify-clone

[info] 
=== Project Setup
[info] 
[info] First, let's associate this project directory with a Firebase project.
[info] You can create multiple project aliases by running firebase use --add, 
[info] but for now we'll just set up a default project.
[info] 
[debug] [2021-08-14T15:10:07.382Z] > refreshing access token with scopes: []
[debug] [2021-08-14T15:10:07.382Z] >>> HTTP REQUEST POST https://www.googleapis.com/oauth2/v3/token  
 <request body omitted>
[debug] [2021-08-14T15:10:07.614Z] <<< HTTP RESPONSE 200 {"pragma":"no-cache","cache-control":"no-cache, no-store, max-age=0, must-revalidate","expires":"Mon, 01 Jan 1990 00:00:00 GMT","date":"Sat, 14 Aug 2021 15:10:09 GMT","content-type":"application/json; charset=utf-8","vary":"X-Origin, Referer, Origin,Accept-Encoding","server":"scaffolding on HTTPServer2","x-xss-protection":"0","x-frame-options":"SAMEORIGIN","x-content-type-options":"nosniff","alt-svc":"h3=\":443\"; ma=2592000,h3-29=\":443\"; ma=2592000,h3-T051=\":443\"; ma=2592000,h3-Q050=\":443\"; ma=2592000,h3-Q046=\":443\"; ma=2592000,h3-Q043=\":443\"; ma=2592000,quic=\":443\"; ma=2592000; v=\"46,43\"","accept-ranges":"none","transfer-encoding":"chunked"}
[debug] [2021-08-14T15:10:07.850Z] >>> [apiv2][query] GET https://firebase.googleapis.com/v1beta1/projects pageSize=100
[debug] [2021-08-14T15:10:08.514Z] <<< [apiv2][status] GET https://firebase.googleapis.com/v1beta1/projects 200
[debug] [2021-08-14T15:10:08.515Z] <<< [apiv2][body] GET https://firebase.googleapis.com/v1beta1/projects [omitted]
[info] i  Using project spotify-clone-396a6 (Spotify-clone) 
[info] 
=== Hosting Setup
[info] 
[info] Your public directory is the folder (relative to your project directory) that
[info] will contain Hosting assets to be uploaded with firebase deploy. If you
[info] have a build process for your assets, use your build's output directory.
[info] 
[debug] [2021-08-14T15:10:30.643Z] >>> [apiv2][query] GET https://www.gstatic.com/firebasejs/releases.json [none]
[debug] [2021-08-14T15:10:30.797Z] <<< [apiv2][status] GET https://www.gstatic.com/firebasejs/releases.json 200
[debug] [2021-08-14T15:10:30.797Z] <<< [apiv2][body] GET https://www.gstatic.com/firebasejs/releases.json {"current":{"version":"8.9.1","browserURL":"https://www.gstatic.com/firebasejs/8.9.1/firebase.js","packageURL":"https://www.gstatic.com/firebasejs/8.9.1/firebase.tgz"},"live":{"version":"8.9","browserURL":"https://www.gstatic.com/firebasejs/live/8.9/firebase.js","packageURL":"https://www.gstatic.com/firebasejs/live/8.9/firebase.tgz"},"components":{"analytics":"https://www.gstatic.com/firebasejs/8.9.1/firebase-analytics.js","app":"https://www.gstatic.com/firebasejs/8.9.1/firebase-app.js","app-check":"https://www.gstatic.com/firebasejs/8.9.1/firebase-app-check.js","auth":"https://www.gstatic.com/firebasejs/8.9.1/firebase-auth.js","database":"https://www.gstatic.com/firebasejs/8.9.1/firebase-database.js","firestore":"https://www.gstatic.com/firebasejs/8.9.1/firebase-firestore.js","functions":"https://www.gstatic.com/firebasejs/8.9.1/firebase-functions.js","installations":"https://www.gstatic.com/firebasejs/8.9.1/firebase-installations.js","messaging":"https://www.gstatic.com/firebasejs/8.9.1/firebase-messaging.js","storage":"https://www.gstatic.com/firebasejs/8.9.1/firebase-storage.js","performance":"https://www.gstatic.com/firebasejs/8.9.1/firebase-performance.js","remote-config":"https://www.gstatic.com/firebasejs/8.9.1/firebase-remote-config.js","firestore.memory":"https://www.gstatic.com/firebasejs/8.9.1/firebase-firestore.memory.js"}}
[info] i  Skipping write of public/index.html 
[info] 
[info] i  Didn't detect a .git folder. Assuming D:\Github projects\spotify-clone is the project root. 
[info] i  Authorizing with GitHub to upload your service account to a GitHub repository's secrets store. 
[info] 
[info] Visit this URL on this device to log in:
[info] https://github.com/login/oauth/authorize?client_id=89cf50f02ac6aaed3484&state=1059085642&redirect_uri=http%3A%2F%2Flocalhost%3A9005&scope=read%3Auser%20repo%20public_repo
[info] 
[info] Waiting for authentication...
[debug] [2021-08-14T15:10:47.312Z] >>> HTTP REQUEST POST https://github.com/login/oauth/access_token  
 {"client_id":"89cf50f02ac6aaed3484","client_secret":"3330d14abc895d9a74d5f17cd7a00711fa2c5bf0","code":"e27f7c24155393949d8d","redirect_uri":"http://localhost:9005","state":"1059085642"}
[debug] [2021-08-14T15:10:47.662Z] <<< HTTP RESPONSE 200 {"server":"GitHub.com","date":"Sat, 14 Aug 2021 15:10:49 GMT","content-type":"application/json; charset=utf-8","transfer-encoding":"chunked","vary":"X-PJAX, Accept-Encoding, Accept, X-Requested-With","permissions-policy":"interest-cohort=()","etag":"W/\"d1f892edcae1468c13f243bfaf2bcf4a\"","cache-control":"max-age=0, private, must-revalidate","strict-transport-security":"max-age=31536000; includeSubdomains; preload","x-frame-options":"deny","x-content-type-options":"nosniff","x-xss-protection":"0","referrer-policy":"origin-when-cross-origin, strict-origin-when-cross-origin","expect-ct":"max-age=2592000, report-uri=\"https://api.github.com/_private/browser/errors\"","content-security-policy":"default-src 'none'; base-uri 'self'; block-all-mixed-content; connect-src 'self' uploads.github.com www.githubstatus.com collector.githubapp.com api.github.com github-cloud.s3.amazonaws.com github-production-repository-file-5c1aeb.s3.amazonaws.com github-production-upload-manifest-file-7fdce7.s3.amazonaws.com github-production-user-asset-6210df.s3.amazonaws.com cdn.optimizely.com logx.optimizely.com/v1/events translator.github.com wss://alive.github.com; font-src github.githubassets.com; form-action 'self' github.com gist.github.com; frame-ancestors 'none'; frame-src render.githubusercontent.com render-temp.githubusercontent.com viewscreen.githubusercontent.com; img-src 'self' data: github.githubassets.com identicons.github.com collector.githubapp.com github-cloud.s3.amazonaws.com secured-user-images.githubusercontent.com/ *.githubusercontent.com; manifest-src 'self'; media-src 'none'; script-src github.githubassets.com; style-src 'unsafe-inline' github.githubassets.com; worker-src github.com/socket-worker-3f088aa2.js gist.github.com/socket-worker-3f088aa2.js","x-github-request-id":"C2B9:0AEF:102A:62A4C:6117DCF9"}
[debug] [2021-08-14T15:10:47.664Z] >>> [apiv2][query] GET https://api.github.com/user [none]
[debug] [2021-08-14T15:10:48.032Z] <<< [apiv2][status] GET https://api.github.com/user 200
[debug] [2021-08-14T15:10:48.032Z] <<< [apiv2][body] GET https://api.github.com/user {"login":"Raven1233","id":63661386,"node_id":"MDQ6VXNlcjYzNjYxMzg2","avatar_url":"https://avatars.githubusercontent.com/u/63661386?v=4","gravatar_id":"","url":"https://api.github.com/users/Raven1233","html_url":"https://github.com/Raven1233","followers_url":"https://api.github.com/users/Raven1233/followers","following_url":"https://api.github.com/users/Raven1233/following{/other_user}","gists_url":"https://api.github.com/users/Raven1233/gists{/gist_id}","starred_url":"https://api.github.com/users/Raven1233/starred{/owner}{/repo}","subscriptions_url":"https://api.github.com/users/Raven1233/subscriptions","organizations_url":"https://api.github.com/users/Raven1233/orgs","repos_url":"https://api.github.com/users/Raven1233/repos","events_url":"https://api.github.com/users/Raven1233/events{/privacy}","received_events_url":"https://api.github.com/users/Raven1233/received_events","type":"User","site_admin":false,"name":"Subhadeep Das","company":null,"blog":"","location":"West Bengal, India","email":null,"hireable":null,"bio":"I am Computer Science Honours student, with huge interest in web development. Passionate about writing software that solves problems in a creative way.","twitter_username":null,"public_repos":21,"public_gists":0,"followers":2,"following":8,"created_at":"2020-04-14T16:20:25Z","updated_at":"2021-08-14T10:14:00Z","private_gists":0,"total_private_repos":0,"owned_private_repos":0,"disk_usage":72828,"collaborators":0,"two_factor_authentication":false,"plan":{"name":"pro","space":976562499,"collaborators":0,"private_repos":9999}}
[info] 
[info] +  Success! Logged into GitHub as Raven1233 
[info] 
[debug] [2021-08-14T15:11:02.203Z] >>> [apiv2][query] GET https://api.github.com/repos//actions/secrets/public-key type=owner
[debug] [2021-08-14T15:11:02.515Z] <<< [apiv2][status] GET https://api.github.com/repos//actions/secrets/public-key 404
[debug] [2021-08-14T15:11:02.515Z] <<< [apiv2][body] GET https://api.github.com/repos//actions/secrets/public-key {"message":"Not Found","documentation_url":"https://docs.github.com/rest"}
[debug] [2021-08-14T15:11:02.618Z] >>> [apiv2][query] GET https://api.github.com/repos//actions/secrets/public-key type=owner
[debug] [2021-08-14T15:11:02.948Z] <<< [apiv2][status] GET https://api.github.com/repos//actions/secrets/public-key 404
[debug] [2021-08-14T15:11:02.949Z] <<< [apiv2][body] GET https://api.github.com/repos//actions/secrets/public-key {"message":"Not Found","documentation_url":"https://docs.github.com/rest"}
